<?xml version="1.0" encoding="utf-8"?><testsuites name="pytest tests"><testsuite name="pytest" errors="0" failures="0" skipped="0" tests="371" time="50.173" timestamp="2026-01-07T20:17:23.062321-08:00" hostname="7f75e8b702cc"><testcase classname="src.tests.acceptance.test_nodejs_generation.TestNodeJSGeneration" name="test_renderer_produces_context" time="0.003" /><testcase classname="src.tests.acceptance.test_nodejs_generation.TestNodeJSGeneration" name="test_nodejs_types_mapping" time="0.000" /><testcase classname="src.tests.acceptance.test_nodejs_generation.TestNodeJSGeneration" name="test_safe_identifier_nodejs" time="0.001" /><testcase classname="src.tests.acceptance.test_nodejs_generation.TestNodeJSGeneration" name="test_generate_cli_produces_files" time="0.140" /><testcase classname="src.tests.acceptance.test_python_generation.TestPythonGeneration" name="test_generate_cli_from_config" time="0.137" /><testcase classname="src.tests.acceptance.test_python_generation.TestPythonGeneration" name="test_renderer_produces_context" time="0.001" /><testcase classname="src.tests.acceptance.test_python_generation.TestPythonGeneration" name="test_python_types_mapping" time="0.000" /><testcase classname="src.tests.acceptance.test_python_generation.TestPythonGeneration" name="test_safe_identifier_python" time="0.001" /><testcase classname="src.tests.acceptance.test_rust_generation.TestRustGeneration" name="test_renderer_produces_context" time="0.001" /><testcase classname="src.tests.acceptance.test_rust_generation.TestRustGeneration" name="test_rust_types_mapping" time="0.000" /><testcase classname="src.tests.acceptance.test_rust_generation.TestRustGeneration" name="test_safe_identifier_rust" time="0.000" /><testcase classname="src.tests.acceptance.test_rust_generation.TestRustGeneration" name="test_generate_cli_produces_files" time="0.139" /><testcase classname="src.tests.acceptance.test_typescript_generation.TestTypeScriptGeneration" name="test_renderer_produces_context" time="0.001" /><testcase classname="src.tests.acceptance.test_typescript_generation.TestTypeScriptGeneration" name="test_typescript_types_mapping" time="0.000" /><testcase classname="src.tests.acceptance.test_typescript_generation.TestTypeScriptGeneration" name="test_safe_identifier_typescript" time="0.000" /><testcase classname="src.tests.acceptance.test_typescript_generation.TestTypeScriptGeneration" name="test_generate_cli_produces_files" time="0.138" /><testcase classname="src.tests.e2e.test_complete_workflows.TestCLIE2E" name="test_python_cli_e2e_workflow" time="0.146" /><testcase classname="src.tests.e2e.test_complete_workflows.TestCLIE2E" name="test_cli_help_output" time="0.242" /><testcase classname="src.tests.e2e.test_complete_workflows.TestNodeJSGeneratorE2E" name="test_nodejs_generator_e2e" time="0.142" /><testcase classname="src.tests.e2e.test_complete_workflows.TestNodeJSGeneratorE2E" name="test_typescript_generator_e2e" time="0.144" /><testcase classname="src.tests.e2e.test_complete_workflows.TestNodeJSGeneratorE2E" name="test_nodejs_cli_syntax_validation" time="0.152" /><testcase classname="src.tests.e2e.test_complete_workflows.TestCompleteWorkflowValidation" name="test_minimal_workflow_python" time="0.148" /><testcase classname="src.tests.e2e.test_complete_workflows.TestCompleteWorkflowValidation" name="test_minimal_workflow_nodejs" time="0.139" /><testcase classname="src.tests.e2e.test_complete_workflows.TestCompleteWorkflowValidation" name="test_minimal_workflow_typescript" time="0.148" /><testcase classname="src.tests.e2e.test_complete_workflows.TestCompleteWorkflowValidation" name="test_minimal_workflow_rust" time="0.149" /><testcase classname="src.tests.e2e.test_hook_discovery.TestHookDiscoveryE2E" name="test_hook_discovery_from_different_directories" time="0.192" /><testcase classname="src.tests.e2e.test_hook_discovery.TestHookDiscoveryE2E" name="test_default_hooks_fallback" time="0.070" /><testcase classname="src.tests.e2e.test_hook_discovery.TestHookDiscoveryE2E" name="test_hook_path_conversion_function" time="0.000" /><testcase classname="src.tests.e2e.test_hook_discovery.TestHookDiscoveryE2E" name="test_full_e2e_hook_execution_workflow" time="0.264" /><testcase classname="src.tests.e2e.test_installation_flows.TestPythonInstallation" name="test_pip_install_workflow" time="2.232" /><testcase classname="src.tests.e2e.test_installation_flows.TestPythonInstallation" name="test_pipx_install_workflow" time="3.883" /><testcase classname="src.tests.e2e.test_installation_flows.TestPythonInstallation" name="test_python_generated_files_validation" time="0.147" /><testcase classname="src.tests.e2e.test_installation_flows.TestNodeJSInstallation" name="test_npm_install_workflow" time="0.802" /><testcase classname="src.tests.e2e.test_installation_flows.TestNodeJSInstallation" name="test_yarn_install_workflow" time="0.754" /><testcase classname="src.tests.e2e.test_installation_flows.TestNodeJSInstallation" name="test_nodejs_generated_files_validation" time="0.129" /><testcase classname="src.tests.e2e.test_installation_flows.TestTypeScriptInstallation" name="test_typescript_build_and_install" time="2.256" /><testcase classname="src.tests.e2e.test_installation_flows.TestTypeScriptInstallation" name="test_typescript_generated_files_validation" time="0.137" /><testcase classname="src.tests.e2e.test_installation_flows.TestRustInstallation" name="test_cargo_install_workflow" time="13.767" /><testcase classname="src.tests.e2e.test_installation_flows.TestRustInstallation" name="test_rust_generated_files_validation" time="0.150" /><testcase classname="src.tests.e2e.test_installation_flows.TestCrossLanguageInstallation" name="test_all_languages_generate_installable_clis" time="0.586" /><testcase classname="src.tests.e2e.test_installation_flows.TestCrossLanguageInstallation" name="test_environment_isolation[python]" time="0.144" /><testcase classname="src.tests.e2e.test_installation_flows.TestCrossLanguageInstallation" name="test_environment_isolation[nodejs]" time="0.153" /><testcase classname="src.tests.e2e.test_installation_flows.TestCrossLanguageInstallation" name="test_environment_isolation[typescript]" time="0.155" /><testcase classname="src.tests.e2e.test_installation_flows.TestCrossLanguageInstallation" name="test_environment_isolation[rust]" time="0.146" /><testcase classname="src.tests.integration.test_cli_compilation_execution.TestPythonCLICompilation" name="test_python_cli_syntax_validation" time="0.215" /><testcase classname="src.tests.integration.test_cli_compilation_execution.TestPythonCLICompilation" name="test_python_cli_execution_with_dependencies" time="2.623" /><testcase classname="src.tests.integration.test_cli_compilation_execution.TestNodeJSCLICompilation" name="test_nodejs_cli_syntax_validation" time="0.152" /><testcase classname="src.tests.integration.test_cli_compilation_execution.TestNodeJSCLICompilation" name="test_nodejs_cli_execution_with_dependencies" time="1.966" /><testcase classname="src.tests.integration.test_cli_compilation_execution.TestTypeScriptCLICompilation" name="test_typescript_cli_compilation" time="0.151" /><testcase classname="src.tests.integration.test_cli_compilation_execution.TestCrossLanguageConsistency" name="test_all_languages_generate_valid_help" time="0.566" /><testcase classname="src.tests.integration.test_cli_generation.TestBuilderIntegration" name="test_yaml_to_code_generation" time="0.195" /><testcase classname="src.tests.integration.test_cli_generation.TestBuilderIntegration" name="test_universal_generator_integration" time="0.150" /><testcase classname="src.tests.integration.test_cli_generation.TestBuilderIntegration" name="test_generate_all_files_returns_dict" time="0.149" /><testcase classname="src.tests.integration.test_cli_generation.TestBuilderIntegration" name="test_complex_command_structure" time="0.141" /><testcase classname="src.tests.integration.test_cli_generation.TestBuilderIntegrationErrorCases" name="test_load_nonexistent_yaml_file" time="0.001" /><testcase classname="src.tests.integration.test_cli_generation.TestBuilderIntegrationErrorCases" name="test_load_invalid_yaml_syntax" time="0.001" /><testcase classname="src.tests.integration.test_cli_generation.TestCLIGenerationIntegration" name="test_python_cli_generation_and_execution" time="0.142" /><testcase classname="src.tests.integration.test_cli_generation.TestCLIGenerationIntegration" name="test_nodejs_cli_generation_and_execution" time="0.130" /><testcase classname="src.tests.integration.test_cli_generation.TestCLIGenerationIntegration" name="test_rust_cli_generation_and_execution" time="0.140" /><testcase classname="src.tests.integration.test_cli_generation.TestCLIGenerationIntegration" name="test_cross_language_consistency" time="0.555" /><testcase classname="src.tests.integration.test_dependency_resolution_simplified.TestDependencyResolutionSimplified" name="test_minimal_dependencies_declared[python]" time="0.144" /><testcase classname="src.tests.integration.test_dependency_resolution_simplified.TestDependencyResolutionSimplified" name="test_minimal_dependencies_declared[nodejs]" time="0.132" /><testcase classname="src.tests.integration.test_dependency_resolution_simplified.TestDependencyResolutionSimplified" name="test_minimal_dependencies_declared[typescript]" time="0.143" /><testcase classname="src.tests.integration.test_dependency_resolution_simplified.TestDependencyResolutionSimplified" name="test_minimal_dependencies_declared[rust]" time="0.145" /><testcase classname="src.tests.integration.test_dependency_resolution_simplified.TestDependencyResolutionSimplified" name="test_dependency_heavy_cli_declarations[python]" time="0.139" /><testcase classname="src.tests.integration.test_dependency_resolution_simplified.TestDependencyResolutionSimplified" name="test_dependency_heavy_cli_declarations[nodejs]" time="0.133" /><testcase classname="src.tests.integration.test_dependency_resolution_simplified.TestDependencyResolutionSimplified" name="test_dependency_heavy_cli_declarations[typescript]" time="0.136" /><testcase classname="src.tests.integration.test_dependency_resolution_simplified.TestDependencyResolutionSimplified" name="test_dependency_heavy_cli_declarations[rust]" time="0.143" /><testcase classname="src.tests.integration.test_dependency_resolution_simplified.TestDependencyResolutionSimplified" name="test_dependency_config_validation" time="0.001" /><testcase classname="src.tests.integration.test_dependency_resolution_simplified.TestDependencyResolutionSimplified" name="test_cross_language_dependency_consistency" time="0.551" /><testcase classname="src.tests.integration.test_infrastructure_validation.TestInfrastructureValidation" name="test_environment_validation" time="0.157" /><testcase classname="src.tests.integration.test_infrastructure_validation.TestInfrastructureValidation" name="test_package_manager_registry" time="0.253" /><testcase classname="src.tests.integration.test_infrastructure_validation.TestInfrastructureValidation" name="test_config_template_generation" time="0.001" /><testcase classname="src.tests.integration.test_infrastructure_validation.TestInfrastructureValidation" name="test_scenario_runner_matrices" time="0.000" /><testcase classname="src.tests.integration.test_infrastructure_validation.TestInfrastructureValidation" name="test_cli_test_helper_file_generation" time="0.152" /><testcase classname="src.tests.integration.test_infrastructure_validation.TestInfrastructureValidation" name="test_pip_manager_functionality" time="0.231" /><testcase classname="src.tests.integration.test_infrastructure_validation.TestInfrastructureValidation" name="test_npm_manager_functionality" time="0.448" /><testcase classname="src.tests.integration.test_infrastructure_validation.TestInfrastructureValidation" name="test_all_template_scenarios_generate_valid_configs" time="0.001" /><testcase classname="src.tests.integration.test_infrastructure_validation.TestInfrastructureValidation" name="test_package_manager_error_handling" time="0.123" /><testcase classname="src.tests.integration.test_infrastructure_validation.TestInfrastructureValidation" name="test_cleanup_utilities" time="0.000" /><testcase classname="src.tests.integration.test_infrastructure_validation.TestInfrastructureValidation" name="test_test_case_generation_consistency" time="0.000" /><testcase classname="src.tests.integration.test_installation_script_generation.TestInstallationScriptGeneration" name="test_setup_script_generation[python]" time="0.149" /><testcase classname="src.tests.integration.test_installation_script_generation.TestInstallationScriptGeneration" name="test_setup_script_generation[nodejs]" time="0.133" /><testcase classname="src.tests.integration.test_installation_script_generation.TestInstallationScriptGeneration" name="test_setup_script_generation[typescript]" time="0.142" /><testcase classname="src.tests.integration.test_installation_script_generation.TestInstallationScriptGeneration" name="test_setup_script_generation[rust]" time="0.154" /><testcase classname="src.tests.integration.test_installation_script_generation.TestInstallationScriptGeneration" name="test_package_json_generation[nodejs]" time="0.141" /><testcase classname="src.tests.integration.test_installation_script_generation.TestInstallationScriptGeneration" name="test_package_json_generation[typescript]" time="0.146" /><testcase classname="src.tests.integration.test_installation_script_generation.TestInstallationScriptGeneration" name="test_cargo_toml_generation[rust]" time="0.137" /><testcase classname="src.tests.integration.test_installation_script_generation.TestInstallationScriptGeneration" name="test_cross_language_installation_consistency" time="0.532" /><testcase classname="src.tests.integration.test_installation_script_generation.TestInstallationScriptGeneration" name="test_installation_complexity_handling[minimal]" time="0.139" /><testcase classname="src.tests.integration.test_installation_script_generation.TestInstallationScriptGeneration" name="test_installation_complexity_handling[complex]" time="0.146" /><testcase classname="src.tests.integration.test_installation_script_generation.TestInstallationScriptGeneration" name="test_installation_complexity_handling[dependency_heavy]" time="0.149" /><testcase classname="src.tests.integration.test_installation_script_generation.TestInstallationScriptGeneration" name="test_installation_instruction_generation" time="0.146" /><testcase classname="src.tests.integration.test_installation_script_generation.TestInstallationScriptGeneration" name="test_setup_path_configuration[python]" time="0.141" /><testcase classname="src.tests.integration.test_installation_script_generation.TestInstallationScriptGeneration" name="test_setup_path_configuration[nodejs]" time="0.134" /><testcase classname="src.tests.integration.test_installation_script_generation.TestInstallationScriptGeneration" name="test_setup_path_configuration[typescript]" time="0.138" /><testcase classname="src.tests.integration.test_installation_script_generation.TestInstallationScriptGeneration" name="test_setup_path_configuration[rust]" time="0.140" /><testcase classname="src.tests.integration.test_installation_script_generation.TestInstallationScriptGeneration" name="test_setup_path_default_value" time="0.001" /><testcase classname="src.tests.ir.test_ir_builder.TestIRBuilderMinimal" name="test_build_minimal_config" time="0.001" /><testcase classname="src.tests.ir.test_ir_builder.TestIRBuilderMinimal" name="test_build_sets_metadata" time="0.000" /><testcase classname="src.tests.ir.test_ir_builder.TestIRBuilderComplex" name="test_build_nested_commands" time="0.001" /><testcase classname="src.tests.ir.test_ir_builder.TestIRBuilderComplex" name="test_build_preserves_options" time="0.000" /><testcase classname="src.tests.ir.test_ir_builder.TestIRBuilderComplex" name="test_build_preserves_arguments" time="0.000" /><testcase classname="src.tests.ir.test_ir_builder.TestIRBuilderFeatureDetection" name="test_analyze_features" time="0.000" /><testcase classname="src.tests.ir.test_ir_builder.TestIRBuilderFeatureDetection" name="test_detect_config_management" time="0.000" /><testcase classname="src.tests.ir.test_ir_builder.TestIRBuilderPydanticModels" name="test_build_from_pydantic_model" time="0.001" /><testcase classname="src.tests.ir.test_ir_models.TestIRDataclassesFrozen" name="test_ir_project_is_frozen" time="0.000" /><testcase classname="src.tests.ir.test_ir_models.TestIRDataclassesFrozen" name="test_ir_command_is_frozen" time="0.000" /><testcase classname="src.tests.ir.test_ir_models.TestIRDataclassesFrozen" name="test_ir_option_is_frozen" time="0.000" /><testcase classname="src.tests.ir.test_ir_models.TestIRDataclassesFrozen" name="test_ir_argument_is_frozen" time="0.000" /><testcase classname="src.tests.ir.test_ir_models.TestIRDataclassesFrozen" name="test_ir_is_frozen" time="0.000" /><testcase classname="src.tests.ir.test_ir_models.TestIRCreation" name="test_create_minimal_ir" time="0.000" /><testcase classname="src.tests.ir.test_ir_models.TestIRCreation" name="test_create_ir_with_commands" time="0.000" /><testcase classname="src.tests.ir.test_ir_models.TestIRCreation" name="test_create_ir_with_nested_subcommands" time="0.000" /><testcase classname="src.tests.ir.test_ir_models.TestIRFromDict" name="test_create_ir_from_minimal_dict" time="0.000" /><testcase classname="src.tests.ir.test_ir_models.TestIRFromDict" name="test_create_ir_from_full_dict" time="0.001" /><testcase classname="src.tests.ir.test_ir_models.TestIRToDict" name="test_ir_to_dict_roundtrip" time="0.000" /><testcase classname="src.tests.ir.test_ir_models.TestIRToDict" name="test_ir_dict_contains_all_fields" time="0.000" /><testcase classname="src.tests.performance.test_generation_time.TestGenerationTime" name="test_python_generation_time" time="0.001" /><testcase classname="src.tests.performance.test_generation_time.TestGenerationTime" name="test_nodejs_generation_time" time="0.001" /><testcase classname="src.tests.performance.test_generation_time.TestGenerationTime" name="test_typescript_generation_time" time="0.001" /><testcase classname="src.tests.performance.test_generation_time.TestGenerationTime" name="test_rust_generation_time" time="0.001" /><testcase classname="src.tests.performance.test_generation_time.TestIRBuildTime" name="test_ir_build_time" time="0.000" /><testcase classname="src.tests.unit.core.test_logging.TestLoggingSetup" name="test_basic_setup" time="0.001" /><testcase classname="src.tests.unit.core.test_logging.TestLoggingSetup" name="test_custom_log_level" time="0.000" /><testcase classname="src.tests.unit.core.test_logging.TestLoggingSetup" name="test_invalid_log_level" time="0.000" /><testcase classname="src.tests.unit.core.test_logging.TestLoggingSetup" name="test_stderr_output" time="0.000" /><testcase classname="src.tests.unit.core.test_logging.TestLoggingSetup" name="test_file_output" time="0.001" /><testcase classname="src.tests.unit.core.test_logging.TestLoggingSetup" name="test_production_environment" time="0.000" /><testcase classname="src.tests.unit.core.test_logging.TestLoggerInstances" name="test_get_logger" time="0.000" /><testcase classname="src.tests.unit.core.test_logging.TestLoggerInstances" name="test_logger_logging_levels" time="0.000" /><testcase classname="src.tests.unit.core.test_logging.TestLoggerInstances" name="test_logger_with_extra_fields" time="0.000" /><testcase classname="src.tests.unit.core.test_logging.TestContextManagement" name="test_set_and_get_context" time="0.000" /><testcase classname="src.tests.unit.core.test_logging.TestContextManagement" name="test_update_context" time="0.000" /><testcase classname="src.tests.unit.core.test_logging.TestContextManagement" name="test_remove_context_keys" time="0.000" /><testcase classname="src.tests.unit.core.test_logging.TestContextManagement" name="test_clear_context" time="0.000" /><testcase classname="src.tests.unit.core.test_logging.TestContextManagement" name="test_context_isolation" time="0.000" /><testcase classname="src.tests.unit.core.test_logging.TestLoggingFormats" name="test_development_format" time="0.000" /><testcase classname="src.tests.unit.core.test_logging.TestLoggingFormats" name="test_production_json_format" time="0.000" /><testcase classname="src.tests.unit.core.test_logging.TestLoggingFormats" name="test_context_functionality" time="0.000" /><testcase classname="src.tests.unit.core.test_logging.TestLoggingFormats" name="test_logger_with_context" time="0.000" /><testcase classname="src.tests.unit.core.test_logging.TestLoggingIntegration" name="test_multiple_loggers_share_context" time="0.000" /><testcase classname="src.tests.unit.core.test_logging.TestLoggingIntegration" name="test_logging_system_initialization" time="0.000" /><testcase classname="src.tests.unit.core.test_logging.TestLoggingIntegration" name="test_performance_context_operations" time="0.000" /><testcase classname="src.tests.unit.core.test_main_cli.TestMainCLICommands" name="test_cli_version_command" time="0.002" /><testcase classname="src.tests.unit.core.test_main_cli.TestMainCLICommands" name="test_cli_help_command" time="0.020" /><testcase classname="src.tests.unit.core.test_main_cli.TestMainCLICommands" name="test_build_command_basic" time="0.153" /><testcase classname="src.tests.unit.core.test_main_cli.TestMainCLICommands" name="test_build_command_config_not_found" time="0.002" /><testcase classname="src.tests.unit.core.test_main_cli.TestMainCLICommands" name="test_build_command_default_config_path" time="0.159" /><testcase classname="src.tests.unit.core.test_main_cli.TestMainCLICommands" name="test_build_command_nodejs" time="0.148" /><testcase classname="src.tests.unit.core.test_main_cli.TestMainCLICommands" name="test_build_command_typescript" time="0.151" /><testcase classname="src.tests.unit.core.test_main_cli.TestMainCLICommands" name="test_build_command_default_templates" time="0.158" /><testcase classname="src.tests.unit.core.test_main_cli.TestMainCLICommands" name="test_build_command_with_backup" time="0.154" /><testcase classname="src.tests.unit.core.test_main_cli.TestMainCLICommands" name="test_init_command_basic" time="0.002" /><testcase classname="src.tests.unit.core.test_main_cli.TestMainCLICommands" name="test_init_command_with_template" time="0.002" /><testcase classname="src.tests.unit.core.test_main_cli.TestMainCLICommands" name="test_init_command_project_name_from_directory" time="0.001" /><testcase classname="src.tests.unit.core.test_main_cli.TestMainCLICommands" name="test_init_command_file_exists_no_force" time="0.001" /><testcase classname="src.tests.unit.core.test_main_cli.TestMainCLICommands" name="test_init_command_file_exists_with_force" time="0.001" /><testcase classname="src.tests.unit.core.test_main_cli.TestMainCLICommands" name="test_init_command_invalid_template" time="0.003" /><testcase classname="src.tests.unit.core.test_main_cli.TestMainCLICommands" name="test_upgrade_command_basic" time="0.002" /><testcase classname="src.tests.unit.core.test_main_cli.TestMainCLICommands" name="test_upgrade_command_pipx_not_found" time="0.001" /><testcase classname="src.tests.unit.core.test_main_cli.TestMainCLICommands" name="test_upgrade_command_specific_version" time="0.003" /><testcase classname="src.tests.unit.core.test_main_cli.TestMainCLICommands" name="test_upgrade_command_git_source" time="0.001" /><testcase classname="src.tests.unit.core.test_main_cli.TestMainCLICommands" name="test_upgrade_command_local_source" time="0.001" /><testcase classname="src.tests.unit.core.test_main_cli.TestMainCLICommands" name="test_upgrade_command_dry_run" time="0.001" /><testcase classname="src.tests.unit.core.test_main_cli.TestMainCLICommands" name="test_upgrade_command_invalid_source" time="0.011" /><testcase classname="src.tests.unit.core.test_main_cli.TestMainCLICommands" name="test_upgrade_command_user_cancellation" time="0.001" /><testcase classname="src.tests.unit.core.test_main_cli.TestMainCLICommands" name="test_upgrade_command_upgrade_failure" time="0.001" /><testcase classname="src.tests.unit.core.test_main_cli.TestMainCLICommands" name="test_upgrade_command_version_check_failure" time="0.002" /><testcase classname="src.tests.unit.core.test_main_cli.TestMainCLICommands" name="test_upgrade_command_unexpected_error" time="0.001" /><testcase classname="src.tests.unit.core.test_main_cli.TestMainCLICommands" name="test_upgrade_command_pre_release_flag" time="0.001" /><testcase classname="src.tests.unit.core.test_main_cli.TestMainCLICommands" name="test_init_all_template_types" time="0.004" /><testcase classname="src.tests.unit.core.test_main_cli.TestMainCLICommands" name="test_build_command_generator_exception" time="0.002" /><testcase classname="src.tests.unit.core.test_main_cli.TestMainCLICommands" name="test_build_command_no_cli_section" time="0.002" /><testcase classname="src.tests.unit.core.test_main_cli.TestMainCLICommands" name="test_build_command_pyproject_update_failure" time="0.165" /><testcase classname="src.tests.unit.core.test_main_cli.TestMainCLICommands" name="test_build_command_complex_package_structure" time="0.161" /><testcase classname="src.tests.unit.core.test_main_cli.TestFastVersionHelp" name="test_fast_version_check" time="0.002" /><testcase classname="src.tests.unit.core.test_main_cli.TestFastVersionHelp" name="test_fast_help_check" time="0.003" /><testcase classname="src.tests.unit.core.test_main_cli.TestYAMLConfigurationErrorConditions" name="test_yaml_syntax_error_unclosed_quotes" time="0.002" /><testcase classname="src.tests.unit.core.test_main_cli.TestYAMLConfigurationErrorConditions" name="test_yaml_syntax_error_invalid_indentation" time="0.002" /><testcase classname="src.tests.unit.core.test_main_cli.TestYAMLConfigurationErrorConditions" name="test_yaml_syntax_error_mixed_tabs_spaces" time="0.001" /><testcase classname="src.tests.unit.core.test_main_cli.TestYAMLConfigurationErrorConditions" name="test_missing_required_root_fields" time="0.005" /><testcase classname="src.tests.unit.core.test_main_cli.TestYAMLConfigurationErrorConditions" name="test_invalid_data_types_in_config" time="0.005" /><testcase classname="src.tests.unit.core.test_main_cli.TestYAMLConfigurationErrorConditions" name="test_yaml_with_duplicate_keys" time="0.002" /><testcase classname="src.tests.unit.core.test_main_cli.TestYAMLConfigurationErrorConditions" name="test_yaml_with_invalid_unicode_characters" time="0.001" /><testcase classname="src.tests.unit.core.test_main_cli.TestYAMLConfigurationErrorConditions" name="test_extremely_large_yaml_file" time="0.508" /><testcase classname="src.tests.unit.core.test_main_cli.TestYAMLConfigurationErrorConditions" name="test_nested_yaml_structure_validation_errors" time="0.003" /><testcase classname="src.tests.unit.core.test_main_cli.TestYAMLConfigurationErrorConditions" name="test_yaml_anchor_and_reference_errors" time="0.002" /><testcase classname="src.tests.unit.core.test_main_cli.TestYAMLConfigurationErrorConditions" name="test_config_file_permission_denied" time="0.002" /><testcase classname="src.tests.unit.core.test_main_cli.TestYAMLConfigurationErrorConditions" name="test_config_file_is_directory" time="0.003" /><testcase classname="src.tests.unit.core.test_main_cli.TestYAMLConfigurationErrorConditions" name="test_config_file_empty" time="0.001" /><testcase classname="src.tests.unit.core.test_main_cli.TestYAMLConfigurationErrorConditions" name="test_config_file_only_comments" time="0.002" /><testcase classname="src.tests.unit.core.test_main_cli.TestYAMLConfigurationErrorConditions" name="test_invalid_enum_values" time="0.002" /><testcase classname="src.tests.unit.core.test_main_cli.TestYAMLConfigurationErrorConditions" name="test_config_with_circular_references" time="0.002" /><testcase classname="src.tests.unit.core.test_main_cli.TestYAMLConfigurationErrorConditions" name="test_config_exceeding_nesting_limits" time="0.003" /><testcase classname="src.tests.unit.core.test_main_cli.TestYAMLConfigurationErrorConditions" name="test_config_with_conflicting_field_values" time="0.002" /><testcase classname="src.tests.unit.core.test_main_cli.TestMainCLIConfig" name="test_load_goobits_config_success" time="0.001" /><testcase classname="src.tests.unit.core.test_main_cli.TestMainCLIConfig" name="test_load_goobits_config_file_not_found" time="0.001" /><testcase classname="src.tests.unit.core.test_main_cli.TestMainCLIConfig" name="test_load_goobits_config_invalid_yaml" time="0.001" /><testcase classname="src.tests.unit.core.test_main_cli.TestMainCLIConfig" name="test_load_goobits_config_validation_error" time="0.001" /><testcase classname="src.tests.unit.core.test_main_cli.TestMainCLIConfig" name="test_normalize_dependencies_for_template" time="0.001" /><testcase classname="src.tests.unit.core.test_main_cli.TestMainCLIConfig" name="test_build_command_invalid_yaml_syntax" time="0.001" /><testcase classname="src.tests.unit.core.test_main_cli.TestMainCLIConfig" name="test_build_command_missing_required_fields" time="0.002" /><testcase classname="src.tests.unit.core.test_main_cli.TestMainCLIConfig" name="test_empty_and_whitespace_only_configs" time="0.003" /><testcase classname="src.tests.unit.core.test_main_cli.TestMainCLITemplates" name="test_generate_basic_template" time="0.000" /><testcase classname="src.tests.unit.core.test_main_cli.TestMainCLITemplates" name="test_generate_advanced_template" time="0.000" /><testcase classname="src.tests.unit.core.test_main_cli.TestMainCLITemplates" name="test_generate_api_client_template" time="0.000" /><testcase classname="src.tests.unit.core.test_main_cli.TestMainCLITemplates" name="test_generate_text_processor_template" time="0.000" /><testcase classname="src.tests.unit.core.test_main_cli.TestGenerateSetupScript" name="test_generate_setup_script_basic" time="0.001" /><testcase classname="src.tests.unit.core.test_main_cli.TestMainCLIUtils" name="test_version_callback_triggers_exit" time="0.000" /><testcase classname="src.tests.unit.core.test_main_cli.TestMainCLIUtils" name="test_version_callback_no_action_when_false" time="0.000" /><testcase classname="src.tests.unit.core.test_main_cli.TestMainCLIUtils" name="test_dependency_to_dict_string" time="0.001" /><testcase classname="src.tests.unit.core.test_main_cli.TestMainCLIUtils" name="test_dependency_to_dict_dict" time="0.001" /><testcase classname="src.tests.unit.core.test_main_cli.TestMainCLIUtils" name="test_dependency_to_dict_object_with_model_dump" time="0.001" /><testcase classname="src.tests.unit.core.test_main_cli.TestMainCLIUtils" name="test_dependency_to_dict_fallback" time="0.000" /><testcase classname="src.tests.unit.core.test_main_cli.TestMainCLIUtils" name="test_dependency_to_dict_with_dict_method" time="0.001" /><testcase classname="src.tests.unit.core.test_main_cli.TestMainCLIUtils" name="test_dependencies_to_json" time="0.000" /><testcase classname="src.tests.unit.core.test_main_cli.TestMainCLIUtils" name="test_extract_version_from_pyproject_not_found" time="0.001" /><testcase classname="src.tests.unit.core.test_main_cli.TestMainCLIUtils" name="test_extract_version_from_pyproject_poetry_format" time="0.001" /><testcase classname="src.tests.unit.core.test_main_cli.TestMainCLIUtils" name="test_extract_version_from_pyproject_pep621_format" time="0.001" /><testcase classname="src.tests.unit.core.test_main_cli.TestMainCLIUtils" name="test_extract_version_from_pyproject_parse_error" time="0.001" /><testcase classname="src.tests.unit.core.test_main_cli.TestMainCLIUtils" name="test_extract_version_from_pyproject_no_version" time="0.001" /><testcase classname="src.tests.unit.core.test_main_cli.TestMainCLIUtils" name="test_backup_file_creates_backup" time="0.001" /><testcase classname="src.tests.unit.core.test_main_cli.TestMainCLIUtils" name="test_backup_file_no_backup_when_disabled" time="0.001" /><testcase classname="src.tests.unit.core.test_main_cli.TestMainCLIUtils" name="test_backup_file_nonexistent_file" time="0.000" /><testcase classname="src.tests.unit.core.test_main_cli.TestMainCLIUtils" name="test_backup_file_copy_failure" time="0.001" /><testcase classname="src.tests.unit.core.test_main_cli.TestMainCLIUtils" name="test_update_pyproject_toml_poetry_format" time="0.002" /><testcase classname="src.tests.unit.core.test_main_cli.TestMainCLIUtils" name="test_update_pyproject_toml_no_file" time="0.001" /><testcase classname="src.tests.unit.core.test_main_cli.TestMainCLIUtils" name="test_update_pyproject_toml_exception_handling" time="0.001" /><testcase classname="src.tests.unit.core.test_unicode_handling.TestUnicodeInConfigs" name="test_unicode_command_names_with_realistic_emoji" time="0.161" /><testcase classname="src.tests.unit.core.test_unicode_handling.TestUnicodeInConfigs" name="test_realistic_international_cli" time="0.608" /><testcase classname="src.tests.unit.core.test_unicode_handling.TestUnicodeInConfigs" name="test_unicode_normalization_real_world_names" time="0.146" /><testcase classname="src.tests.unit.core.test_unicode_handling.TestUnicodeInConfigs" name="test_problematic_unicode_in_real_scenarios" time="0.147" /><testcase classname="src.tests.unit.core.test_unicode_handling.TestUnicodeInConfigs" name="test_bidirectional_text_realistic_usage" time="0.573" /><testcase classname="src.tests.unit.core.test_unicode_handling.TestUnicodeInYamlParsing" name="test_yaml_with_different_encodings" time="0.453" /><testcase classname="src.tests.unit.core.test_unicode_handling.TestUnicodeInYamlParsing" name="test_mixed_encoding_edge_cases" time="0.001" /><testcase classname="src.tests.unit.core.test_unicode_handling.TestGeneratedCodeSyntaxValidation" name="test_python_unicode_syntax_validation" time="0.148" /><testcase classname="src.tests.unit.core.test_unicode_handling.TestGeneratedCodeSyntaxValidation" name="test_nodejs_unicode_syntax_validation" time="0.136" /><testcase classname="src.tests.unit.core.test_unicode_handling.TestGeneratedCodeSyntaxValidation" name="test_rust_unicode_syntax_validation" time="0.146" /><testcase classname="src.tests.unit.core.test_unicode_handling.TestUnicodeOptionAndArgumentNames" name="test_unicode_option_names" time="0.584" /><testcase classname="src.tests.unit.core.test_unicode_handling.TestUnicodeOptionAndArgumentNames" name="test_unicode_argument_names" time="0.154" /><testcase classname="src.tests.unit.core.test_unicode_handling.TestComplexUnicodeScenarios" name="test_realistic_enterprise_multilingual_cli" time="0.593" /><testcase classname="src.tests.unit.core.test_unicode_handling.TestComplexUnicodeScenarios" name="test_realistic_unicode_edge_cases_in_templates" time="0.150" /><testcase classname="src.tests.unit.formatters.test_unified_formatters.TestHelpFormatSpec" name="test_default_format_exists" time="0.001" /><testcase classname="src.tests.unit.formatters.test_unified_formatters.TestHelpFormatSpec" name="test_default_headers" time="0.000" /><testcase classname="src.tests.unit.formatters.test_unified_formatters.TestHelpFormatSpec" name="test_format_option_signature_short_only" time="0.000" /><testcase classname="src.tests.unit.formatters.test_unified_formatters.TestHelpFormatSpec" name="test_format_option_signature_long_only" time="0.000" /><testcase classname="src.tests.unit.formatters.test_unified_formatters.TestHelpFormatSpec" name="test_format_option_signature_both" time="0.000" /><testcase classname="src.tests.unit.formatters.test_unified_formatters.TestHelpFormatSpec" name="test_format_option_signature_with_value" time="0.000" /><testcase classname="src.tests.unit.formatters.test_unified_formatters.TestHelpFormatSpec" name="test_format_argument_signature_required" time="0.000" /><testcase classname="src.tests.unit.formatters.test_unified_formatters.TestHelpFormatSpec" name="test_format_argument_signature_optional" time="0.000" /><testcase classname="src.tests.unit.formatters.test_unified_formatters.TestHelpFormatSpec" name="test_format_argument_signature_variadic" time="0.000" /><testcase classname="src.tests.unit.formatters.test_unified_formatters.TestHelpFormatSpec" name="test_format_usage_line_no_commands" time="0.000" /><testcase classname="src.tests.unit.formatters.test_unified_formatters.TestHelpFormatSpec" name="test_format_usage_line_with_commands" time="0.001" /><testcase classname="src.tests.unit.formatters.test_unified_formatters.TestHelpFormatSpec" name="test_layout_config_defaults" time="0.000" /><testcase classname="src.tests.unit.formatters.test_unified_formatters.TestHelpFormatSpec" name="test_color_scheme_defaults" time="0.000" /><testcase classname="src.tests.unit.formatters.test_unified_formatters.TestPythonHelpFormatter" name="test_generate_formatter_class" time="0.000" /><testcase classname="src.tests.unit.formatters.test_unified_formatters.TestPythonHelpFormatter" name="test_generate_rich_click_config" time="0.000" /><testcase classname="src.tests.unit.formatters.test_unified_formatters.TestPythonHelpFormatter" name="test_generate_full_code" time="0.000" /><testcase classname="src.tests.unit.formatters.test_unified_formatters.TestPythonHelpFormatter" name="test_get_group_class" time="0.000" /><testcase classname="src.tests.unit.formatters.test_unified_formatters.TestPythonHelpFormatter" name="test_get_command_class" time="0.000" /><testcase classname="src.tests.unit.formatters.test_unified_formatters.TestPythonHelpFormatter" name="test_context_settings" time="0.000" /><testcase classname="src.tests.unit.formatters.test_unified_formatters.TestNodeJSHelpFormatter" name="test_generate_help_config" time="0.000" /><testcase classname="src.tests.unit.formatters.test_unified_formatters.TestNodeJSHelpFormatter" name="test_generate_version_handler" time="0.000" /><testcase classname="src.tests.unit.formatters.test_unified_formatters.TestNodeJSHelpFormatter" name="test_generate_error_handler" time="0.000" /><testcase classname="src.tests.unit.formatters.test_unified_formatters.TestNodeJSHelpFormatter" name="test_generate_full_code" time="0.000" /><testcase classname="src.tests.unit.formatters.test_unified_formatters.TestNodeJSHelpFormatter" name="test_generate_setup_call" time="0.000" /><testcase classname="src.tests.unit.formatters.test_unified_formatters.TestTypeScriptHelpFormatter" name="test_generate_types" time="0.000" /><testcase classname="src.tests.unit.formatters.test_unified_formatters.TestTypeScriptHelpFormatter" name="test_generate_help_config" time="0.000" /><testcase classname="src.tests.unit.formatters.test_unified_formatters.TestTypeScriptHelpFormatter" name="test_generate_additional_imports" time="0.000" /><testcase classname="src.tests.unit.formatters.test_unified_formatters.TestTypeScriptHelpFormatter" name="test_generate_full_code" time="0.000" /><testcase classname="src.tests.unit.formatters.test_unified_formatters.TestRustHelpFormatter" name="test_generate_help_template" time="0.000" /><testcase classname="src.tests.unit.formatters.test_unified_formatters.TestRustHelpFormatter" name="test_generate_styles" time="0.000" /><testcase classname="src.tests.unit.formatters.test_unified_formatters.TestRustHelpFormatter" name="test_generate_command_builder" time="0.000" /><testcase classname="src.tests.unit.formatters.test_unified_formatters.TestRustHelpFormatter" name="test_generate_full_code" time="0.000" /><testcase classname="src.tests.unit.formatters.test_unified_formatters.TestRustHelpFormatter" name="test_help_template_sections" time="0.000" /><testcase classname="src.tests.unit.formatters.test_unified_formatters.TestCrossLanguageConsistency" name="test_all_formatters_use_same_spec" time="0.000" /><testcase classname="src.tests.unit.formatters.test_unified_formatters.TestCrossLanguageConsistency" name="test_all_formatters_same_section_headers" time="0.000" /><testcase classname="src.tests.unit.formatters.test_unified_formatters.TestCrossLanguageConsistency" name="test_custom_spec_propagates" time="0.000" /><testcase classname="src.tests.unit.test_performance_regression.TestPerformanceRegression" name="test_basic_cli_startup_performance" time="0.000" /><testcase classname="src.tests.unit.test_performance_regression.TestPerformanceRegression" name="test_lazy_loading_overhead" time="0.000" /><testcase classname="src.tests.unit.test_performance_regression.TestPerformanceRegression" name="test_interactive_mode_lazy_loading" time="0.079" /><testcase classname="src.tests.unit.test_performance_regression.TestPerformanceRegression" name="test_no_eager_universal_imports" time="0.002" /><testcase classname="src.tests.unit.test_performance_regression.TestPerformanceRegression" name="test_generated_cli_startup_performance" time="0.075" /><testcase classname="src.tests.unit.test_performance_regression" name="test_performance_targets" time="0.000" /><testcase classname="src.tests.unit.universal.test_completion_system.TestCompletionContext" name="test_completion_context_creation" time="0.001" /><testcase classname="src.tests.unit.universal.test_completion_system.TestDynamicCompletionRegistry" name="test_registry_initialization" time="0.002" /><testcase classname="src.tests.unit.universal.test_completion_system.TestDynamicCompletionRegistry" name="test_provider_registration" time="0.002" /><testcase classname="src.tests.unit.universal.test_completion_system.TestDynamicCompletionRegistry" name="test_provider_priority_ordering" time="0.002" /><testcase classname="src.tests.unit.universal.test_completion_system.TestDynamicCompletionRegistry" name="test_provider_unregistration" time="0.002" /><testcase classname="src.tests.unit.universal.test_completion_system.TestDynamicCompletionRegistry" name="test_get_completions" time="0.003" /><testcase classname="src.tests.unit.universal.test_completion_system.TestDynamicCompletionRegistry" name="test_completion_caching" time="0.002" /><testcase classname="src.tests.unit.universal.test_completion_system.TestDynamicCompletionRegistry" name="test_registry_enable_disable" time="0.001" /><testcase classname="src.tests.unit.universal.test_completion_system.TestDynamicCompletionRegistry" name="test_disabled_registry" time="0.002" /><testcase classname="src.tests.unit.universal.test_completion_system.TestFilePathCompletionProvider" name="test_can_provide_for_paths" time="0.001" /><testcase classname="src.tests.unit.universal.test_completion_system.TestFilePathCompletionProvider" name="test_directory_completion" time="0.001" /><testcase classname="src.tests.unit.universal.test_completion_system.TestFilePathCompletionProvider" name="test_file_filtering" time="0.001" /><testcase classname="src.tests.unit.universal.test_completion_system.TestEnvironmentVariableProvider" name="test_can_provide_for_variables" time="0.000" /><testcase classname="src.tests.unit.universal.test_completion_system.TestEnvironmentVariableProvider" name="test_variable_completion" time="0.001" /><testcase classname="src.tests.unit.universal.test_completion_system.TestConfigKeyProvider" name="test_can_provide_for_config" time="0.000" /><testcase classname="src.tests.unit.universal.test_completion_system.TestConfigKeyProvider" name="test_config_key_completion" time="0.001" /><testcase classname="src.tests.unit.universal.test_completion_system.TestHistoryProvider" name="test_can_provide_with_history" time="0.000" /><testcase classname="src.tests.unit.universal.test_completion_system.TestHistoryProvider" name="test_history_completion" time="0.001" /><testcase classname="src.tests.unit.universal.test_completion_system.TestInteractiveCompletionIntegrator" name="test_get_completions_for_interactive" time="0.002" /><testcase classname="src.tests.unit.universal.test_completion_system.TestInteractiveCompletionIntegrator" name="test_create_completion_function" time="0.000" /><testcase classname="src.tests.unit.universal.test_completion_system.TestProviderSetup" name="test_setup_default_providers" time="0.000" /><testcase classname="src.tests.unit.universal.test_completion_system.TestProviderSetup" name="test_setup_completion_for_language" time="0.000" /><testcase classname="src.tests.unit.universal.test_completion_system.TestGlobalRegistry" name="test_global_registry_singleton" time="0.000" /><testcase classname="src.tests.unit.universal.test_component_registry_functional.TestComponentRegistryFunctional" name="test_component_registry_initialization" time="0.001" /><testcase classname="src.tests.unit.universal.test_component_registry_functional.TestComponentRegistryFunctional" name="test_component_registry_with_auto_reload" time="0.001" /><testcase classname="src.tests.unit.universal.test_component_registry_functional.TestComponentRegistryFunctional" name="test_load_all_components" time="0.010" /><testcase classname="src.tests.unit.universal.test_component_registry_functional.TestComponentRegistryFunctional" name="test_get_component_content" time="0.009" /><testcase classname="src.tests.unit.universal.test_component_registry_functional.TestComponentRegistryFunctional" name="test_component_on_demand_loading" time="0.002" /><testcase classname="src.tests.unit.universal.test_component_registry_functional.TestComponentRegistryFunctional" name="test_component_existence_check" time="0.008" /><testcase classname="src.tests.unit.universal.test_component_registry_functional.TestComponentRegistryFunctional" name="test_component_dependency_extraction" time="0.009" /><testcase classname="src.tests.unit.universal.test_component_registry_functional.TestComponentRegistryFunctional" name="test_component_metadata_functionality" time="0.008" /><testcase classname="src.tests.unit.universal.test_component_registry_functional.TestComponentRegistryFunctional" name="test_component_staleness_detection" time="0.112" /><testcase classname="src.tests.unit.universal.test_component_registry_functional.TestComponentRegistryFunctional" name="test_auto_reload_functionality" time="0.114" /><testcase classname="src.tests.unit.universal.test_component_registry_functional.TestComponentRegistryFunctional" name="test_template_validation" time="0.018" /><testcase classname="src.tests.unit.universal.test_component_registry_functional.TestComponentRegistryFunctional" name="test_component_reload_functionality" time="0.113" /><testcase classname="src.tests.unit.universal.test_component_registry_functional.TestComponentRegistryFunctional" name="test_component_cache_management" time="0.010" /><testcase classname="src.tests.unit.universal.test_component_registry_functional.TestComponentRegistryFunctional" name="test_error_handling_missing_directory" time="0.002" /><testcase classname="src.tests.unit.universal.test_component_registry_functional.TestComponentRegistryFunctional" name="test_component_with_complex_jinja_syntax" time="0.015" /><testcase classname="src.tests.unit.universal.test_component_registry_functional.TestComponentRegistryFunctional" name="test_component_file_encoding" time="0.013" /><testcase classname="src.tests.unit.universal.test_component_registry_functional.TestComponentRegistryFunctional" name="test_large_number_of_components" time="0.038" /><testcase classname="src.tests.unit.universal.test_component_registry_functional.TestComponentMetadata" name="test_metadata_initialization" time="0.001" /><testcase classname="src.tests.unit.universal.test_component_registry_functional.TestComponentMetadata" name="test_staleness_detection" time="0.102" /><testcase classname="src.tests.unit.universal.test_component_registry_functional.TestComponentMetadata" name="test_metadata_with_missing_file" time="0.001" /><testcase classname="src.tests.unit.universal.test_component_registry_functional.TestComponentRegistryCoreFeatures" name="test_registry_initialization_variations" time="0.002" /><testcase classname="src.tests.unit.universal.test_component_registry_functional.TestComponentRegistryCoreFeatures" name="test_load_components_comprehensive" time="0.008" /><testcase classname="src.tests.unit.universal.test_component_registry_functional.TestComponentRegistryCoreFeatures" name="test_get_component_with_errors" time="0.003" /><testcase classname="src.tests.unit.universal.test_component_registry_functional.TestComponentRegistryCoreFeatures" name="test_component_exists_functionality" time="0.004" /><testcase classname="src.tests.unit.universal.test_component_registry_functional.TestComponentRegistryCoreFeatures" name="test_dependency_tracking" time="0.005" /><testcase classname="src.tests.unit.universal.test_component_registry_functional.TestComponentRegistryCoreFeatures" name="test_hot_reloading_capabilities" time="0.104" /><testcase classname="src.tests.unit.universal.test_component_registry_functional.TestComponentRegistryCoreFeatures" name="test_clear_and_reset_functionality" time="0.005" /><testcase classname="src.tests.unit.universal.test_component_registry_functional.TestComponentRegistryCoreFeatures" name="test_metadata_management" time="0.104" /><testcase classname="src.tests.unit.universal.test_component_registry_functional.TestComponentRegistryCoreFeatures" name="test_error_handling_edge_cases" time="0.006" /><testcase classname="src.tests.unit.universal.test_component_registry_functional.TestComponentRegistryCoreFeatures" name="test_component_validation" time="0.003" /><testcase classname="src.tests.unit.universal.test_plugin_system.TestPluginInfo" name="test_plugin_info_creation" time="0.001" /><testcase classname="src.tests.unit.universal.test_plugin_system.TestPluginInfo" name="test_plugin_info_to_dict" time="0.001" /><testcase classname="src.tests.unit.universal.test_plugin_system.TestPluginInfo" name="test_plugin_info_from_dict" time="0.001" /><testcase classname="src.tests.unit.universal.test_plugin_system.TestPluginRegistry" name="test_registry_initialization" time="0.001" /><testcase classname="src.tests.unit.universal.test_plugin_system.TestPluginRegistry" name="test_add_plugin" time="0.001" /><testcase classname="src.tests.unit.universal.test_plugin_system.TestPluginRegistry" name="test_get_plugin" time="0.001" /><testcase classname="src.tests.unit.universal.test_plugin_system.TestPluginRegistry" name="test_remove_plugin" time="0.001" /><testcase classname="src.tests.unit.universal.test_plugin_system.TestPluginRegistry" name="test_list_plugins_by_status" time="0.001" /><testcase classname="src.tests.unit.universal.test_plugin_system.TestPluginRegistry" name="test_search_plugins" time="0.001" /><testcase classname="src.tests.unit.universal.test_plugin_system.TestPluginRegistry" name="test_registry_persistence" time="0.001" /><testcase classname="src.tests.unit.universal.test_plugin_system.TestPluginManager" name="test_manager_initialization" time="0.001" /><testcase classname="src.tests.unit.universal.test_plugin_system.TestPluginManager" name="test_resolve_local_plugin_source" time="0.002" /><testcase classname="src.tests.unit.universal.test_plugin_system.TestPluginManager" name="test_validate_plugin_security" time="0.002" /><testcase classname="src.tests.unit.universal.test_plugin_system.TestPluginManager" name="test_list_plugins" time="0.001" /><testcase classname="src.tests.unit.universal.test_plugin_system.TestPluginManager" name="test_search_plugins" time="0.001" /><testcase classname="src.tests.unit.universal.test_plugin_system.TestPluginManager" name="test_get_plugin_info" time="0.001" /><testcase classname="src.tests.unit.universal.test_plugin_system.TestPluginCLIIntegrator" name="test_get_plugin_commands" time="0.003" /><testcase classname="src.tests.unit.universal.test_plugin_system.TestPluginCLIIntegrator" name="test_get_plugin_completions" time="0.001" /><testcase classname="src.tests.unit.universal.test_plugin_system.TestPluginCLIIntegrator" name="test_integrate_plugins_with_cli" time="0.001" /><testcase classname="src.tests.unit.universal.test_plugin_system.TestPluginCLIIntegrator" name="test_generate_python_integration_code" time="0.002" /><testcase classname="src.tests.unit.universal.test_plugin_system.TestPluginCLIIntegrator" name="test_generate_nodejs_integration_code" time="0.002" /><testcase classname="src.tests.unit.universal.test_plugin_system.TestPluginCommandManager" name="test_register_plugin_commands" time="0.001" /><testcase classname="src.tests.unit.universal.test_plugin_system.TestPluginCommandManager" name="test_unregister_plugin_commands" time="0.002" /><testcase classname="src.tests.unit.universal.test_plugin_system.TestPluginCommandManager" name="test_is_plugin_command" time="0.001" /><testcase classname="src.tests.unit.universal.test_plugin_system.TestPluginIntegrationUtilities" name="test_setup_plugin_integration" time="0.001" /><testcase classname="src.tests.unit.universal.test_plugin_system.TestPluginIntegrationUtilities" name="test_create_plugin_template_context" time="0.001" /><testcase classname="src.tests.unit.universal.test_plugin_system.TestGlobalPluginManager" name="test_global_plugin_manager_singleton" time="0.000" /><testcase classname="src.tests.unit.universal.test_renderers_functional.TestNodeJSRendererFunctional" name="test_renderer_properties" time="0.001" /><testcase classname="src.tests.unit.universal.test_renderers_functional.TestNodeJSRendererFunctional" name="test_template_context_generation" time="0.001" /><testcase classname="src.tests.unit.universal.test_renderers_functional.TestNodeJSRendererFunctional" name="test_commander_structure_building" time="0.001" /><testcase classname="src.tests.unit.universal.test_renderers_functional.TestNodeJSRendererFunctional" name="test_npm_dependencies_building" time="0.001" /><testcase classname="src.tests.unit.universal.test_renderers_functional.TestNodeJSRendererFunctional" name="test_imports_generation" time="0.001" /><testcase classname="src.tests.unit.universal.test_renderers_functional.TestNodeJSRendererFunctional" name="test_hook_functions_generation" time="0.001" /></testsuite></testsuites>